\BOOKMARK [1][-]{section.1}{Wstep}{}% 1
\BOOKMARK [1][-]{section.2}{Cel projektu}{}% 2
\BOOKMARK [2][-]{subsection.2.1}{Model wyboru akcji do cel\363w inwestycyjnych}{section.2}% 3
\BOOKMARK [2][-]{subsection.2.2}{Zbadanie zaleznosci pomiedzy zmiana cen, a informacjami finansowymi}{section.2}% 4
\BOOKMARK [1][-]{section.3}{Opis danych}{}% 5
\BOOKMARK [2][-]{subsection.3.1}{Zbi\363r danych}{section.3}% 6
\BOOKMARK [2][-]{subsection.3.2}{Usuwanie brak\363w danych}{section.3}% 7
\BOOKMARK [2][-]{subsection.3.3}{Transformacja zmiennej kategorycznej}{section.3}% 8
\BOOKMARK [2][-]{subsection.3.4}{Zmienne objasniajace}{section.3}% 9
\BOOKMARK [2][-]{subsection.3.5}{Rozk\233ad zmiennej objasnianej}{section.3}% 10
\BOOKMARK [2][-]{subsection.3.6}{Korelacja}{section.3}% 11
\BOOKMARK [1][-]{section.4}{Dob\363r zmiennych do modelu}{}% 12
\BOOKMARK [1][-]{section.5}{Wyb\363r postaci modelu}{}% 13
\BOOKMARK [1][-]{section.6}{Weryfikacja statystyczna modelu}{}% 14
\BOOKMARK [1][-]{section.7}{Prognoza}{}% 15
\BOOKMARK [1][-]{section.8}{Interpretacja}{}% 16
\BOOKMARK [1][-]{section.9}{Podsumowanie}{}% 17
\BOOKMARK [1][-]{section.10}{Spis tabel}{}% 18
\BOOKMARK [1][-]{section.11}{Spis rysunk\363w}{}% 19
\BOOKMARK [1][-]{section.12}{Literatura}{}% 20
