\BOOKMARK [1][-]{section.1}{ Revenue }{}% 1
\BOOKMARK [1][-]{section.2}{ Revenue Growth }{}% 2
\BOOKMARK [1][-]{section.3}{ Cost of Revenue }{}% 3
\BOOKMARK [1][-]{section.4}{ Gross Profit }{}% 4
\BOOKMARK [1][-]{section.5}{ RandD Expenses }{}% 5
\BOOKMARK [1][-]{section.6}{ SGandA Expense }{}% 6
\BOOKMARK [1][-]{section.7}{ Operating Expenses }{}% 7
\BOOKMARK [1][-]{section.8}{ Operating Income }{}% 8
\BOOKMARK [1][-]{section.9}{ Interest Expense }{}% 9
\BOOKMARK [1][-]{section.10}{ Earnings before Tax }{}% 10
\BOOKMARK [1][-]{section.11}{ Income Tax Expense }{}% 11
\BOOKMARK [1][-]{section.12}{ Net Income - Non-Controlling int }{}% 12
\BOOKMARK [1][-]{section.13}{ Net Income - Discontinued ops }{}% 13
\BOOKMARK [1][-]{section.14}{ Net Income }{}% 14
\BOOKMARK [1][-]{section.15}{ Preferred Dividends }{}% 15
\BOOKMARK [1][-]{section.16}{ Net Income Com }{}% 16
\BOOKMARK [1][-]{section.17}{ EPS }{}% 17
\BOOKMARK [1][-]{section.18}{ EPS Diluted }{}% 18
\BOOKMARK [1][-]{section.19}{ Weighted Average Shs Out }{}% 19
\BOOKMARK [1][-]{section.20}{ Weighted Average Shs Out \(Dil\) }{}% 20
\BOOKMARK [1][-]{section.21}{ Dividend per Share }{}% 21
\BOOKMARK [1][-]{section.22}{ Gross Margin }{}% 22
\BOOKMARK [1][-]{section.23}{ EBITDA Margin }{}% 23
\BOOKMARK [1][-]{section.24}{ EBIT Margin }{}% 24
\BOOKMARK [1][-]{section.25}{ Profit Margin }{}% 25
\BOOKMARK [1][-]{section.26}{ Free Cash Flow margin }{}% 26
\BOOKMARK [1][-]{section.27}{ EBITDA }{}% 27
\BOOKMARK [1][-]{section.28}{ EBIT }{}% 28
\BOOKMARK [1][-]{section.29}{ Consolidated Income }{}% 29
\BOOKMARK [1][-]{section.30}{ Earnings Before Tax Margin }{}% 30
\BOOKMARK [1][-]{section.31}{ Net Profit Margin }{}% 31
\BOOKMARK [1][-]{section.32}{ Cash and cash equivalents }{}% 32
\BOOKMARK [1][-]{section.33}{ Short-term investments }{}% 33
\BOOKMARK [1][-]{section.34}{ Cash and short-term investments }{}% 34
\BOOKMARK [1][-]{section.35}{ Receivables }{}% 35
\BOOKMARK [1][-]{section.36}{ Inventories }{}% 36
\BOOKMARK [1][-]{section.37}{ Total current assets }{}% 37
\BOOKMARK [1][-]{section.38}{ Property, Plant and Equipment Net }{}% 38
\BOOKMARK [1][-]{section.39}{ Goodwill and Intangible Assets }{}% 39
\BOOKMARK [1][-]{section.40}{ Long-term investments }{}% 40
\BOOKMARK [1][-]{section.41}{ Tax assets }{}% 41
\BOOKMARK [1][-]{section.42}{ Total assets }{}% 42
\BOOKMARK [1][-]{section.43}{ Payables }{}% 43
\BOOKMARK [1][-]{section.44}{ Short-term debt }{}% 44
\BOOKMARK [1][-]{section.45}{ Total current liabilities }{}% 45
\BOOKMARK [1][-]{section.46}{ Long-term debt }{}% 46
\BOOKMARK [1][-]{section.47}{ Total debt }{}% 47
\BOOKMARK [1][-]{section.48}{ Deferred revenue }{}% 48
\BOOKMARK [1][-]{section.49}{ Tax Liabilities }{}% 49
\BOOKMARK [1][-]{section.50}{ Deposit Liabilities }{}% 50
\BOOKMARK [1][-]{section.51}{ Total liabilities }{}% 51
\BOOKMARK [1][-]{section.52}{ Other comprehensive income }{}% 52
\BOOKMARK [1][-]{section.53}{ Retained earnings \(deficit\) }{}% 53
\BOOKMARK [1][-]{section.54}{ Total shareholders equity }{}% 54
\BOOKMARK [1][-]{section.55}{ Investments }{}% 55
\BOOKMARK [1][-]{section.56}{ Net Debt }{}% 56
\BOOKMARK [1][-]{section.57}{ Other Assets }{}% 57
\BOOKMARK [1][-]{section.58}{ Other Liabilities }{}% 58
\BOOKMARK [1][-]{section.59}{ Depreciation and Amortization }{}% 59
\BOOKMARK [1][-]{section.60}{ Stock-based compensation }{}% 60
\BOOKMARK [1][-]{section.61}{ Operating Cash Flow }{}% 61
\BOOKMARK [1][-]{section.62}{ Capital Expenditure }{}% 62
\BOOKMARK [1][-]{section.63}{ Acquisitions and disposals }{}% 63
\BOOKMARK [1][-]{section.64}{ Investment purchases and sales }{}% 64
\BOOKMARK [1][-]{section.65}{ Investing Cash flow }{}% 65
\BOOKMARK [1][-]{section.66}{ Issuance \(repayment\) of debt }{}% 66
\BOOKMARK [1][-]{section.67}{ Issuance \(buybacks\) of shares }{}% 67
\BOOKMARK [1][-]{section.68}{ Dividend payments }{}% 68
\BOOKMARK [1][-]{section.69}{ Financing Cash Flow }{}% 69
\BOOKMARK [1][-]{section.70}{ Effect of forex changes on cash }{}% 70
\BOOKMARK [1][-]{section.71}{ Net cash flow / Change in cash }{}% 71
\BOOKMARK [1][-]{section.72}{ Free Cash Flow }{}% 72
\BOOKMARK [1][-]{section.73}{ Net Cash/Marketcap }{}% 73
\BOOKMARK [1][-]{section.74}{ priceToSalesRatio }{}% 74
\BOOKMARK [1][-]{section.75}{ priceEarningsRatio }{}% 75
\BOOKMARK [1][-]{section.76}{ priceToFreeCashFlowsRatio }{}% 76
\BOOKMARK [1][-]{section.77}{ priceToOperatingCashFlowsRatio }{}% 77
\BOOKMARK [1][-]{section.78}{ priceSalesRatio }{}% 78
\BOOKMARK [1][-]{section.79}{ dividendYield }{}% 79
\BOOKMARK [1][-]{section.80}{ priceFairValue }{}% 80
\BOOKMARK [1][-]{section.81}{ ebitperRevenue }{}% 81
\BOOKMARK [1][-]{section.82}{ grossProfitMargin }{}% 82
\BOOKMARK [1][-]{section.83}{ pretaxProfitMargin }{}% 83
\BOOKMARK [1][-]{section.84}{ netProfitMargin }{}% 84
\BOOKMARK [1][-]{section.85}{ returnOnEquity }{}% 85
\BOOKMARK [1][-]{section.86}{ eBITperRevenue }{}% 86
\BOOKMARK [1][-]{section.87}{ payablesTurnover }{}% 87
\BOOKMARK [1][-]{section.88}{ inventoryTurnover }{}% 88
\BOOKMARK [1][-]{section.89}{ fixedAssetTurnover }{}% 89
\BOOKMARK [1][-]{section.90}{ assetTurnover }{}% 90
\BOOKMARK [1][-]{section.91}{ currentRatio }{}% 91
\BOOKMARK [1][-]{section.92}{ quickRatio }{}% 92
\BOOKMARK [1][-]{section.93}{ cashRatio }{}% 93
\BOOKMARK [1][-]{section.94}{ daysOfSalesOutstanding }{}% 94
\BOOKMARK [1][-]{section.95}{ daysOfInventoryOutstanding }{}% 95
\BOOKMARK [1][-]{section.96}{ daysOfPayablesOutstanding }{}% 96
\BOOKMARK [1][-]{section.97}{ debtRatio }{}% 97
\BOOKMARK [1][-]{section.98}{ debtEquityRatio }{}% 98
\BOOKMARK [1][-]{section.99}{ longtermDebtToCapitalization }{}% 99
\BOOKMARK [1][-]{section.100}{ totalDebtToCapitalization }{}% 100
\BOOKMARK [1][-]{section.101}{ interestCoverage }{}% 101
\BOOKMARK [1][-]{section.102}{ companyEquityMultiplier }{}% 102
\BOOKMARK [1][-]{section.103}{ operatingCashFlowPerShare }{}% 103
\BOOKMARK [1][-]{section.104}{ freeCashFlowPerShare }{}% 104
\BOOKMARK [1][-]{section.105}{ cashPerShare }{}% 105
\BOOKMARK [1][-]{section.106}{ payoutRatio }{}% 106
\BOOKMARK [1][-]{section.107}{ operatingCashFlowSalesRatio }{}% 107
\BOOKMARK [1][-]{section.108}{ capitalExpenditureCoverageRatios }{}% 108
\BOOKMARK [1][-]{section.109}{ dividendpaidAndCapexCoverageRatios }{}% 109
\BOOKMARK [1][-]{section.110}{ Revenue per Share }{}% 110
\BOOKMARK [1][-]{section.111}{ Net Income per Share }{}% 111
\BOOKMARK [1][-]{section.112}{ Operating Cash Flow per Share }{}% 112
\BOOKMARK [1][-]{section.113}{ Free Cash Flow per Share }{}% 113
\BOOKMARK [1][-]{section.114}{ Cash per Share }{}% 114
\BOOKMARK [1][-]{section.115}{ Book Value per Share }{}% 115
\BOOKMARK [1][-]{section.116}{ Tangible Book Value per Share }{}% 116
\BOOKMARK [1][-]{section.117}{ Shareholders Equity per Share }{}% 117
\BOOKMARK [1][-]{section.118}{ Interest Debt per Share }{}% 118
\BOOKMARK [1][-]{section.119}{ Market Cap }{}% 119
\BOOKMARK [1][-]{section.120}{ PE ratio }{}% 120
\BOOKMARK [1][-]{section.121}{ Price to Sales Ratio }{}% 121
\BOOKMARK [1][-]{section.122}{ POCF ratio }{}% 122
\BOOKMARK [1][-]{section.123}{ PFCF ratio }{}% 123
\BOOKMARK [1][-]{section.124}{ Earnings Yield }{}% 124
\BOOKMARK [1][-]{section.125}{ Free Cash Flow Yield }{}% 125
\BOOKMARK [1][-]{section.126}{ Debt to Equity }{}% 126
\BOOKMARK [1][-]{section.127}{ Debt to Assets }{}% 127
\BOOKMARK [1][-]{section.128}{ Net Debt to EBITDA }{}% 128
\BOOKMARK [1][-]{section.129}{ Interest Coverage }{}% 129
\BOOKMARK [1][-]{section.130}{ Income Quality }{}% 130
\BOOKMARK [1][-]{section.131}{ Dividend Yield }{}% 131
\BOOKMARK [1][-]{section.132}{ Payout Ratio }{}% 132
\BOOKMARK [1][-]{section.133}{ SGandA to Revenue }{}% 133
\BOOKMARK [1][-]{section.134}{ RandD to Revenue }{}% 134
\BOOKMARK [1][-]{section.135}{ Intangibles to Total Assets }{}% 135
\BOOKMARK [1][-]{section.136}{ Capex to Operating Cash Flow }{}% 136
\BOOKMARK [1][-]{section.137}{ Capex to Revenue }{}% 137
\BOOKMARK [1][-]{section.138}{ Capex to Depreciation }{}% 138
\BOOKMARK [1][-]{section.139}{ Stock-based compensation to Revenue }{}% 139
\BOOKMARK [1][-]{section.140}{ Graham Net-Net }{}% 140
\BOOKMARK [1][-]{section.141}{ Tangible Asset Value }{}% 141
\BOOKMARK [1][-]{section.142}{ Net Current Asset Value }{}% 142
\BOOKMARK [1][-]{section.143}{ Invested Capital }{}% 143
\BOOKMARK [1][-]{section.144}{ Average Receivables }{}% 144
\BOOKMARK [1][-]{section.145}{ Average Payables }{}% 145
\BOOKMARK [1][-]{section.146}{ Average Inventory }{}% 146
\BOOKMARK [1][-]{section.147}{ Days Sales Outstanding }{}% 147
\BOOKMARK [1][-]{section.148}{ Days Payables Outstanding }{}% 148
\BOOKMARK [1][-]{section.149}{ Days of Inventory on Hand }{}% 149
\BOOKMARK [1][-]{section.150}{ Receivables Turnover }{}% 150
\BOOKMARK [1][-]{section.151}{ Payables Turnover }{}% 151
\BOOKMARK [1][-]{section.152}{ Inventory Turnover }{}% 152
\BOOKMARK [1][-]{section.153}{ ROE }{}% 153
\BOOKMARK [1][-]{section.154}{ Capex per Share }{}% 154
\BOOKMARK [1][-]{section.155}{ Gross Profit Growth }{}% 155
\BOOKMARK [1][-]{section.156}{ EBIT Growth }{}% 156
\BOOKMARK [1][-]{section.157}{ Operating Income Growth }{}% 157
\BOOKMARK [1][-]{section.158}{ Net Income Growth }{}% 158
\BOOKMARK [1][-]{section.159}{ EPS Growth }{}% 159
\BOOKMARK [1][-]{section.160}{ EPS Diluted Growth }{}% 160
\BOOKMARK [1][-]{section.161}{ Weighted Average Shares Growth }{}% 161
\BOOKMARK [1][-]{section.162}{ Weighted Average Shares Diluted Growth }{}% 162
\BOOKMARK [1][-]{section.163}{ Dividends per Share Growth }{}% 163
\BOOKMARK [1][-]{section.164}{ Operating Cash Flow growth }{}% 164
\BOOKMARK [1][-]{section.165}{ Free Cash Flow growth }{}% 165
\BOOKMARK [1][-]{section.166}{ 3Y Revenue Growth \(per Share\) }{}% 166
\BOOKMARK [1][-]{section.167}{ 3Y Operating CF Growth \(per Share\) }{}% 167
\BOOKMARK [1][-]{section.168}{ 3Y Net Income Growth \(per Share\) }{}% 168
\BOOKMARK [1][-]{section.169}{ 3Y Shareholders Equity Growth \(per Share\) }{}% 169
\BOOKMARK [1][-]{section.170}{ 3Y Dividend per Share Growth \(per Share\) }{}% 170
\BOOKMARK [1][-]{section.171}{ Receivables growth }{}% 171
\BOOKMARK [1][-]{section.172}{ Inventory Growth }{}% 172
\BOOKMARK [1][-]{section.173}{ Asset Growth }{}% 173
\BOOKMARK [1][-]{section.174}{ Book Value per Share Growth }{}% 174
\BOOKMARK [1][-]{section.175}{ Debt Growth }{}% 175
\BOOKMARK [1][-]{section.176}{ RandD Expense Growth }{}% 176
\BOOKMARK [1][-]{section.177}{ SGandA Expenses Growth }{}% 177
\BOOKMARK [1][-]{section.178}{ Communication Services }{}% 178
\BOOKMARK [1][-]{section.179}{ Consumer Cyclical }{}% 179
\BOOKMARK [1][-]{section.180}{ Consumer Defensive }{}% 180
\BOOKMARK [1][-]{section.181}{ Energy }{}% 181
\BOOKMARK [1][-]{section.182}{ Financial Services }{}% 182
\BOOKMARK [1][-]{section.183}{ Healthcare }{}% 183
\BOOKMARK [1][-]{section.184}{ Industrials }{}% 184
\BOOKMARK [1][-]{section.185}{ Real Estate }{}% 185
\BOOKMARK [1][-]{section.186}{ Technology }{}% 186
\BOOKMARK [1][-]{section.187}{ Utilities }{}% 187
